  calibrator.cpp
E:\ProgramEnvironment\opencv\build\include\opencv2/core/mat.hpp(2586): warning C4819: 该文件包含不能在当前代码页(936)中表示的字符。请将该文件保存为 Unicode 格式以防止数据丢失
E:\ProgramEnvironment\opencv\build\include\opencv2/core/persistence.hpp : warning C4819: 该文件包含不能在当前代码页(936)中表示的字符。请将该文件保存为 Unicode 格式以防止数据丢失
E:\ProgramEnvironment\opencv\build\include\opencv2/core/utility.hpp : warning C4819: 该文件包含不能在当前代码页(936)中表示的字符。请将该文件保存为 Unicode 格式以防止数据丢失
E:\ProgramEnvironment\opencv\build\include\opencv2/core/utility.hpp : warning C4819: 该文件包含不能在当前代码页(936)中表示的字符。请将该文件保存为 Unicode 格式以防止数据丢失
E:\ProgramEnvironment\opencv\build\include\opencv2/imgproc.hpp(592): warning C4819: 该文件包含不能在当前代码页(936)中表示的字符。请将该文件保存为 Unicode 格式以防止数据丢失
calibrator.cpp(286): warning C4244: “参数”: 从“int”转换到“float”，可能丢失数据
calibrator.cpp(341): warning C4800: “int”: 将值强制为布尔值“true”或“false”(性能警告)
calibrator.cpp(437): warning C4554: “<<”: 检查运算符优先级可能存在的错误；使用圆括号阐明优先级
calibrator.cpp(445): warning C4554: “<<”: 检查运算符优先级可能存在的错误；使用圆括号阐明优先级
calibrator.cpp(538): warning C4244: “初始化”: 从“float”转换到“int”，可能丢失数据
calibrator.cpp(539): warning C4244: “初始化”: 从“float”转换到“int”，可能丢失数据
calibrator.cpp(540): warning C4244: “=”: 从“double”转换到“float”，可能丢失数据
calibrator.cpp(542): warning C4244: “初始化”: 从“double”转换到“float”，可能丢失数据
calibrator.cpp(543): warning C4244: “初始化”: 从“double”转换到“float”，可能丢失数据
calibrator.cpp(548): warning C4244: “=”: 从“double”转换到“float”，可能丢失数据
calibrator.cpp(550): warning C4244: “初始化”: 从“double”转换到“float”，可能丢失数据
calibrator.cpp(551): warning C4244: “初始化”: 从“double”转换到“float”，可能丢失数据
  正在生成代码
  2 of 948 functions ( 0.2%) were compiled, the rest were copied from previous compilation.
    0 functions were new in current compilation
    1 functions had inline decision re-evaluated but remain unchanged
  已完成代码的生成
  DualDynamicDataCollection.vcxproj -> E:\Github\TrainDataCollection\TrainDataCollection\x64\Release\DualDynamicDataCollection.exe
