e:\github\traindatacollection\traindatacollection\traindatacollection\x64\release\vc140.pdb
e:\github\traindatacollection\traindatacollection\traindatacollection\x64\release\staticparameters.obj
e:\github\traindatacollection\traindatacollection\traindatacollection\x64\release\main.obj
e:\github\traindatacollection\traindatacollection\traindatacollection\x64\release\globalfunction.obj
e:\github\traindatacollection\traindatacollection\traindatacollection\x64\release\cvisualization.obj
e:\github\traindatacollection\traindatacollection\traindatacollection\x64\release\cstorage.obj
e:\github\traindatacollection\traindatacollection\traindatacollection\x64\release\csensor.obj
e:\github\traindatacollection\traindatacollection\traindatacollection\x64\release\cprojector.obj
e:\github\traindatacollection\traindatacollection\traindatacollection\x64\release\cdecodephase.obj
e:\github\traindatacollection\traindatacollection\traindatacollection\x64\release\cdecodegray.obj
e:\github\traindatacollection\traindatacollection\traindatacollection\x64\release\cdatacollection.obj
e:\github\traindatacollection\traindatacollection\traindatacollection\x64\release\ccamera.obj
e:\github\traindatacollection\traindatacollection\x64\release\traindatacollection.exe
e:\github\traindatacollection\traindatacollection\x64\release\traindatacollection.ipdb
e:\github\traindatacollection\traindatacollection\x64\release\traindatacollection.iobj
e:\github\traindatacollection\traindatacollection\x64\release\traindatacollection.pdb
e:\github\traindatacollection\traindatacollection\traindatacollection\x64\release\traindat.5965addb.tlog\cl.command.1.tlog
e:\github\traindatacollection\traindatacollection\traindatacollection\x64\release\traindat.5965addb.tlog\cl.read.1.tlog
e:\github\traindatacollection\traindatacollection\traindatacollection\x64\release\traindat.5965addb.tlog\cl.write.1.tlog
e:\github\traindatacollection\traindatacollection\traindatacollection\x64\release\traindat.5965addb.tlog\link.command.1.tlog
e:\github\traindatacollection\traindatacollection\traindatacollection\x64\release\traindat.5965addb.tlog\link.read.1.tlog
e:\github\traindatacollection\traindatacollection\traindatacollection\x64\release\traindat.5965addb.tlog\link.write.1.tlog
