e:\github\traindatacollection\traindatacollection\dynamicdatacollection\x64\release\vc140.pdb
e:\github\traindatacollection\traindatacollection\dynamicdatacollection\x64\release\staticparameters.obj
e:\github\traindatacollection\traindatacollection\dynamicdatacollection\x64\release\main.obj
e:\github\traindatacollection\traindatacollection\dynamicdatacollection\x64\release\globalfunction.obj
e:\github\traindatacollection\traindatacollection\dynamicdatacollection\x64\release\cvisualization.obj
e:\github\traindatacollection\traindatacollection\dynamicdatacollection\x64\release\cstorage.obj
e:\github\traindatacollection\traindatacollection\dynamicdatacollection\x64\release\csensor.obj
e:\github\traindatacollection\traindatacollection\dynamicdatacollection\x64\release\cprojector.obj
e:\github\traindatacollection\traindatacollection\dynamicdatacollection\x64\release\cdecodephase.obj
e:\github\traindatacollection\traindatacollection\dynamicdatacollection\x64\release\cdecodegray.obj
e:\github\traindatacollection\traindatacollection\dynamicdatacollection\x64\release\cdatacollection.obj
e:\github\traindatacollection\traindatacollection\dynamicdatacollection\x64\release\ccamera.obj
e:\github\traindatacollection\traindatacollection\x64\release\dynamicdatacollection.exe
e:\github\traindatacollection\traindatacollection\x64\release\dynamicdatacollection.ipdb
e:\github\traindatacollection\traindatacollection\x64\release\dynamicdatacollection.iobj
e:\github\traindatacollection\traindatacollection\x64\release\dynamicdatacollection.pdb
e:\github\traindatacollection\traindatacollection\dynamicdatacollection\x64\release\dynamicd.75a8bb42.tlog\cl.command.1.tlog
e:\github\traindatacollection\traindatacollection\dynamicdatacollection\x64\release\dynamicd.75a8bb42.tlog\cl.read.1.tlog
e:\github\traindatacollection\traindatacollection\dynamicdatacollection\x64\release\dynamicd.75a8bb42.tlog\cl.write.1.tlog
e:\github\traindatacollection\traindatacollection\dynamicdatacollection\x64\release\dynamicd.75a8bb42.tlog\link.command.1.tlog
e:\github\traindatacollection\traindatacollection\dynamicdatacollection\x64\release\dynamicd.75a8bb42.tlog\link.read.1.tlog
e:\github\traindatacollection\traindatacollection\dynamicdatacollection\x64\release\dynamicd.75a8bb42.tlog\link.write.1.tlog
